Nov 08, 2014 7:15:50 PM org.apache.solr.core.SolrResourceLoader locateSolrHome
INFO: JNDI not configured for solr (NoInitialContextEx)
Nov 08, 2014 7:15:51 PM org.apache.solr.core.SolrResourceLoader locateSolrHome
INFO: using system property solr.solr.home: /Users/joecanero/dojob/dojob/solr
Nov 08, 2014 7:15:51 PM org.apache.solr.core.SolrResourceLoader <init>
INFO: Solr home set to '/Users/joecanero/dojob/dojob/solr/'
Nov 08, 2014 7:15:51 PM org.apache.solr.servlet.SolrDispatchFilter init
INFO: SolrDispatchFilter.init()
Nov 08, 2014 7:15:51 PM org.apache.solr.core.SolrResourceLoader locateSolrHome
INFO: JNDI not configured for solr (NoInitialContextEx)
Nov 08, 2014 7:15:51 PM org.apache.solr.core.SolrResourceLoader locateSolrHome
INFO: using system property solr.solr.home: /Users/joecanero/dojob/dojob/solr
Nov 08, 2014 7:15:51 PM org.apache.solr.core.CoreContainer$Initializer initialize
INFO: looking for solr.xml: /Users/joecanero/dojob/dojob/solr/solr.xml
Nov 08, 2014 7:15:51 PM org.apache.solr.core.SolrResourceLoader locateSolrHome
INFO: JNDI not configured for solr (NoInitialContextEx)
Nov 08, 2014 7:15:51 PM org.apache.solr.core.SolrResourceLoader locateSolrHome
INFO: using system property solr.solr.home: /Users/joecanero/dojob/dojob/solr
Nov 08, 2014 7:15:51 PM org.apache.solr.core.CoreContainer <init>
INFO: New CoreContainer: solrHome=/Users/joecanero/dojob/dojob/solr/ instance=346861221
Nov 08, 2014 7:15:51 PM org.apache.solr.core.SolrResourceLoader <init>
INFO: Solr home set to '/Users/joecanero/dojob/dojob/solr/'
Nov 08, 2014 7:15:51 PM org.apache.solr.core.SolrResourceLoader <init>
INFO: Solr home set to '/Users/joecanero/dojob/dojob/solr/./'
Nov 08, 2014 7:15:51 PM org.apache.solr.core.SolrConfig initLibs
INFO: Adding specified lib dirs to ClassLoader
Nov 08, 2014 7:15:51 PM org.apache.solr.core.Config getLuceneVersion
WARNING: the luceneMatchVersion is not specified, defaulting to LUCENE_24 emulation. You should at some point declare and reindex to at least 3.0, because 2.4 emulation is deprecated and will be removed in 4.0. This parameter will be mandatory in 4.0.
Nov 08, 2014 7:15:51 PM org.apache.solr.core.SolrConfig <init>
INFO: Using Lucene MatchVersion: LUCENE_24
Nov 08, 2014 7:15:51 PM org.apache.solr.core.SolrConfig <init>
WARNING: Deprecated syntax found. <highlighting/> should move to <searchComponent/>
Nov 08, 2014 7:15:51 PM org.apache.solr.core.SolrConfig <init>
INFO: Loaded SolrConfig: solrconfig.xml
Nov 08, 2014 7:15:51 PM org.apache.solr.schema.IndexSchema readSchema
INFO: Reading Solr Schema
Nov 08, 2014 7:15:51 PM org.apache.solr.schema.IndexSchema readSchema
INFO: Schema name=sunspot
Nov 08, 2014 7:15:51 PM org.apache.solr.util.plugin.AbstractPluginLoader load
INFO: created string: org.apache.solr.schema.StrField
Nov 08, 2014 7:15:51 PM org.apache.solr.util.plugin.AbstractPluginLoader load
INFO: created tdouble: org.apache.solr.schema.TrieDoubleField
Nov 08, 2014 7:15:51 PM org.apache.solr.util.plugin.AbstractPluginLoader load
INFO: created rand: org.apache.solr.schema.RandomSortField
Nov 08, 2014 7:15:51 PM org.apache.solr.util.plugin.AbstractPluginLoader load
INFO: created : org.apache.solr.analysis.StandardTokenizerFactory
Nov 08, 2014 7:15:51 PM org.apache.solr.analysis.BaseTokenStreamFactory assureMatchVersion
WARNING: StandardTokenizerFactory is using deprecated LUCENE_24 emulation. You should at some point declare and reindex to at least 3.0, because 2.x emulation is deprecated and will be removed in 4.0
Nov 08, 2014 7:15:51 PM org.apache.solr.util.plugin.AbstractPluginLoader load
INFO: created : org.apache.solr.analysis.StandardFilterFactory
Nov 08, 2014 7:15:51 PM org.apache.solr.analysis.BaseTokenStreamFactory assureMatchVersion
WARNING: StandardFilterFactory is using deprecated LUCENE_24 emulation. You should at some point declare and reindex to at least 3.0, because 2.x emulation is deprecated and will be removed in 4.0
Nov 08, 2014 7:15:51 PM org.apache.solr.util.plugin.AbstractPluginLoader load
INFO: created : org.apache.solr.analysis.LowerCaseFilterFactory
Nov 08, 2014 7:15:51 PM org.apache.solr.analysis.BaseTokenStreamFactory assureMatchVersion
WARNING: LowerCaseFilterFactory is using deprecated LUCENE_24 emulation. You should at some point declare and reindex to at least 3.0, because 2.x emulation is deprecated and will be removed in 4.0
Nov 08, 2014 7:15:51 PM org.apache.solr.util.plugin.AbstractPluginLoader load
INFO: created : org.apache.solr.analysis.PorterStemFilterFactory
Nov 08, 2014 7:15:51 PM org.apache.solr.util.plugin.AbstractPluginLoader load
INFO: created text: org.apache.solr.schema.TextField
Nov 08, 2014 7:15:51 PM org.apache.solr.util.plugin.AbstractPluginLoader load
INFO: created boolean: org.apache.solr.schema.BoolField
Nov 08, 2014 7:15:51 PM org.apache.solr.util.plugin.AbstractPluginLoader load
INFO: created date: org.apache.solr.schema.DateField
Nov 08, 2014 7:15:51 PM org.apache.solr.util.plugin.AbstractPluginLoader load
INFO: created sdouble: org.apache.solr.schema.SortableDoubleField
Nov 08, 2014 7:15:51 PM org.apache.solr.util.plugin.AbstractPluginLoader load
INFO: created sfloat: org.apache.solr.schema.SortableFloatField
Nov 08, 2014 7:15:51 PM org.apache.solr.util.plugin.AbstractPluginLoader load
INFO: created sint: org.apache.solr.schema.SortableIntField
Nov 08, 2014 7:15:51 PM org.apache.solr.util.plugin.AbstractPluginLoader load
INFO: created slong: org.apache.solr.schema.SortableLongField
Nov 08, 2014 7:15:51 PM org.apache.solr.util.plugin.AbstractPluginLoader load
INFO: created tint: org.apache.solr.schema.TrieIntField
Nov 08, 2014 7:15:51 PM org.apache.solr.util.plugin.AbstractPluginLoader load
INFO: created tfloat: org.apache.solr.schema.TrieFloatField
Nov 08, 2014 7:15:51 PM org.apache.solr.util.plugin.AbstractPluginLoader load
INFO: created tdate: org.apache.solr.schema.TrieDateField
Nov 08, 2014 7:15:51 PM org.apache.solr.util.plugin.AbstractPluginLoader load
INFO: created location: org.apache.solr.schema.LatLonType
Nov 08, 2014 7:15:52 PM org.apache.solr.schema.IndexSchema readSchema
INFO: default search field is text
Nov 08, 2014 7:15:52 PM org.apache.solr.schema.IndexSchema readSchema
INFO: query parser default operator is AND
Nov 08, 2014 7:15:52 PM org.apache.solr.schema.IndexSchema readSchema
INFO: unique key field: id
Nov 08, 2014 7:15:52 PM org.apache.solr.core.SolrCore <init>
INFO: [] Opening new SolrCore at /Users/joecanero/dojob/dojob/solr/./, dataDir=/Users/joecanero/dojob/dojob/solr/data/development/
Nov 08, 2014 7:15:52 PM org.apache.solr.core.JmxMonitoredMap <init>
INFO: No JMX servers found, not exposing Solr information with JMX.
Nov 08, 2014 7:15:52 PM org.apache.solr.core.SolrCore initListeners
INFO: [] Added SolrEventListener for newSearcher: org.apache.solr.core.QuerySenderListener{queries=[]}
Nov 08, 2014 7:15:52 PM org.apache.solr.core.SolrCore initListeners
INFO: [] Added SolrEventListener for firstSearcher: org.apache.solr.core.QuerySenderListener{queries=[{q=solr rocks,start=0,rows=10}, {q=static firstSearcher warming query from solrconfig.xml}]}
Nov 08, 2014 7:15:52 PM org.apache.solr.core.SolrCore initIndex
WARNING: [] Solr index directory '/Users/joecanero/dojob/dojob/solr/data/development/index' doesn't exist. Creating new index...
Nov 08, 2014 7:15:52 PM org.apache.solr.core.SolrDeletionPolicy onCommit
INFO: SolrDeletionPolicy.onCommit: commits:num=1
	commit{dir=/Users/joecanero/dojob/dojob/solr/data/development/index,segFN=segments_1,version=1415492152154,generation=1,filenames=[segments_1]
Nov 08, 2014 7:15:52 PM org.apache.solr.core.SolrDeletionPolicy updateCommits
INFO: newest commit = 1415492152154
Nov 08, 2014 7:15:52 PM org.apache.solr.request.XSLTResponseWriter <init>
WARNING: org.apache.solr.request.XSLTResponseWriter is deprecated. Please use the corresponding class in org.apache.solr.response
Nov 08, 2014 7:15:52 PM org.apache.solr.response.XSLTResponseWriter init
INFO: xsltCacheLifetimeSeconds=5
Nov 08, 2014 7:15:52 PM org.apache.solr.core.RequestHandlers initHandlersFromConfig
INFO: created standard: solr.SearchHandler
Nov 08, 2014 7:15:52 PM org.apache.solr.core.RequestHandlers initHandlersFromConfig
INFO: created dismax: solr.SearchHandler
Nov 08, 2014 7:15:52 PM org.apache.solr.core.RequestHandlers initHandlersFromConfig
INFO: created partitioned: solr.SearchHandler
Nov 08, 2014 7:15:52 PM org.apache.solr.core.RequestHandlers initHandlersFromConfig
INFO: created /spell: solr.SearchHandler
Nov 08, 2014 7:15:52 PM org.apache.solr.core.RequestHandlers initHandlersFromConfig
INFO: created tvrh: org.apache.solr.handler.component.SearchHandler
Nov 08, 2014 7:15:52 PM org.apache.solr.core.RequestHandlers initHandlersFromConfig
INFO: adding lazy requestHandler: org.apache.solr.handler.extraction.ExtractingRequestHandler
Nov 08, 2014 7:15:52 PM org.apache.solr.core.RequestHandlers initHandlersFromConfig
INFO: created /update/extract: org.apache.solr.handler.extraction.ExtractingRequestHandler
Nov 08, 2014 7:15:52 PM org.apache.solr.core.RequestHandlers initHandlersFromConfig
INFO: created /terms: org.apache.solr.handler.component.SearchHandler
Nov 08, 2014 7:15:52 PM org.apache.solr.core.RequestHandlers initHandlersFromConfig
INFO: adding lazy requestHandler: solr.SearchHandler
Nov 08, 2014 7:15:52 PM org.apache.solr.core.RequestHandlers initHandlersFromConfig
INFO: created /elevate: solr.SearchHandler
Nov 08, 2014 7:15:52 PM org.apache.solr.core.RequestHandlers initHandlersFromConfig
INFO: created /update: solr.XmlUpdateRequestHandler
Nov 08, 2014 7:15:52 PM org.apache.solr.core.RequestHandlers initHandlersFromConfig
INFO: created /update/javabin: solr.BinaryUpdateRequestHandler
Nov 08, 2014 7:15:52 PM org.apache.solr.core.RequestHandlers initHandlersFromConfig
INFO: created /analysis/document: solr.DocumentAnalysisRequestHandler
Nov 08, 2014 7:15:52 PM org.apache.solr.core.RequestHandlers initHandlersFromConfig
INFO: created /analysis/field: solr.FieldAnalysisRequestHandler
Nov 08, 2014 7:15:52 PM org.apache.solr.core.RequestHandlers initHandlersFromConfig
INFO: adding lazy requestHandler: solr.CSVRequestHandler
Nov 08, 2014 7:15:52 PM org.apache.solr.core.RequestHandlers initHandlersFromConfig
INFO: created /update/csv: solr.CSVRequestHandler
Nov 08, 2014 7:15:52 PM org.apache.solr.core.RequestHandlers initHandlersFromConfig
INFO: created /admin/: org.apache.solr.handler.admin.AdminHandlers
Nov 08, 2014 7:15:52 PM org.apache.solr.core.RequestHandlers initHandlersFromConfig
INFO: created /admin/ping: PingRequestHandler
Nov 08, 2014 7:15:52 PM org.apache.solr.core.RequestHandlers initHandlersFromConfig
INFO: created /debug/dump: solr.DumpRequestHandler
Nov 08, 2014 7:15:52 PM org.apache.solr.core.RequestHandlers initHandlersFromConfig
INFO: created /mlt: solr.MoreLikeThisHandler
Nov 08, 2014 7:15:52 PM org.apache.solr.search.SolrIndexSearcher <init>
INFO: Opening Searcher@4b0b0854 main
Nov 08, 2014 7:15:52 PM org.apache.solr.update.CommitTracker <init>
INFO: commitTracker AutoCommit: disabled
Nov 08, 2014 7:15:52 PM org.apache.solr.handler.component.SpellCheckComponent inform
INFO: Initializing spell checkers
Nov 08, 2014 7:15:52 PM org.apache.solr.handler.component.SpellCheckComponent inform
WARNING: No queryConverter defined, using default converter
Nov 08, 2014 7:15:52 PM org.apache.solr.handler.component.QueryElevationComponent inform
INFO: Loading QueryElevation from: /Users/joecanero/dojob/dojob/solr/./conf/elevate.xml
Nov 08, 2014 7:15:52 PM org.apache.solr.handler.component.SearchHandler inform
INFO: Adding  component:org.apache.solr.handler.component.QueryComponent@595b007d
Nov 08, 2014 7:15:52 PM org.apache.solr.handler.component.SearchHandler inform
INFO: Adding  component:org.apache.solr.handler.component.FacetComponent@72d1ad2e
Nov 08, 2014 7:15:52 PM org.apache.solr.handler.component.SearchHandler inform
INFO: Adding  component:org.apache.solr.handler.component.MoreLikeThisComponent@2d7275fc
Nov 08, 2014 7:15:52 PM org.apache.solr.handler.component.SearchHandler inform
INFO: Adding  component:org.apache.solr.handler.component.HighlightComponent@399f45b1
Nov 08, 2014 7:15:52 PM org.apache.solr.handler.component.SearchHandler inform
INFO: Adding  component:org.apache.solr.handler.component.StatsComponent@38c6f217
Nov 08, 2014 7:15:52 PM org.apache.solr.handler.component.SearchHandler inform
INFO: Adding  debug component:org.apache.solr.handler.component.DebugComponent@478190fc
Nov 08, 2014 7:15:52 PM org.apache.solr.handler.component.SearchHandler inform
INFO: Adding  component:org.apache.solr.handler.component.QueryComponent@595b007d
Nov 08, 2014 7:15:52 PM org.apache.solr.handler.component.SearchHandler inform
INFO: Adding  component:org.apache.solr.handler.component.FacetComponent@72d1ad2e
Nov 08, 2014 7:15:52 PM org.apache.solr.handler.component.SearchHandler inform
INFO: Adding  component:org.apache.solr.handler.component.MoreLikeThisComponent@2d7275fc
Nov 08, 2014 7:15:52 PM org.apache.solr.handler.component.SearchHandler inform
INFO: Adding  component:org.apache.solr.handler.component.HighlightComponent@399f45b1
Nov 08, 2014 7:15:52 PM org.apache.solr.handler.component.SearchHandler inform
INFO: Adding  component:org.apache.solr.handler.component.StatsComponent@38c6f217
Nov 08, 2014 7:15:52 PM org.apache.solr.handler.component.SearchHandler inform
INFO: Adding  debug component:org.apache.solr.handler.component.DebugComponent@478190fc
Nov 08, 2014 7:15:52 PM org.apache.solr.handler.component.SearchHandler inform
INFO: Adding  component:org.apache.solr.handler.component.QueryComponent@595b007d
Nov 08, 2014 7:15:52 PM org.apache.solr.handler.component.SearchHandler inform
INFO: Adding  component:org.apache.solr.handler.component.FacetComponent@72d1ad2e
Nov 08, 2014 7:15:52 PM org.apache.solr.handler.component.SearchHandler inform
INFO: Adding  component:org.apache.solr.handler.component.MoreLikeThisComponent@2d7275fc
Nov 08, 2014 7:15:52 PM org.apache.solr.handler.component.SearchHandler inform
INFO: Adding  component:org.apache.solr.handler.component.HighlightComponent@399f45b1
Nov 08, 2014 7:15:52 PM org.apache.solr.handler.component.SearchHandler inform
INFO: Adding  component:org.apache.solr.handler.component.StatsComponent@38c6f217
Nov 08, 2014 7:15:52 PM org.apache.solr.handler.component.SearchHandler inform
INFO: Adding  debug component:org.apache.solr.handler.component.DebugComponent@478190fc
Nov 08, 2014 7:15:52 PM org.apache.solr.handler.component.SearchHandler inform
INFO: Adding  component:org.apache.solr.handler.component.QueryComponent@595b007d
Nov 08, 2014 7:15:52 PM org.apache.solr.handler.component.SearchHandler inform
INFO: Adding  component:org.apache.solr.handler.component.FacetComponent@72d1ad2e
Nov 08, 2014 7:15:52 PM org.apache.solr.handler.component.SearchHandler inform
INFO: Adding  component:org.apache.solr.handler.component.MoreLikeThisComponent@2d7275fc
Nov 08, 2014 7:15:52 PM org.apache.solr.handler.component.SearchHandler inform
INFO: Adding  component:org.apache.solr.handler.component.HighlightComponent@399f45b1
Nov 08, 2014 7:15:52 PM org.apache.solr.handler.component.SearchHandler inform
INFO: Adding  component:org.apache.solr.handler.component.StatsComponent@38c6f217
Nov 08, 2014 7:15:52 PM org.apache.solr.handler.component.SearchHandler inform
INFO: Adding  component:org.apache.solr.handler.component.SpellCheckComponent@79e2c065
Nov 08, 2014 7:15:52 PM org.apache.solr.handler.component.SearchHandler inform
INFO: Adding  debug component:org.apache.solr.handler.component.DebugComponent@478190fc
Nov 08, 2014 7:15:52 PM org.apache.solr.handler.component.SearchHandler inform
INFO: Adding  component:org.apache.solr.handler.component.QueryComponent@595b007d
Nov 08, 2014 7:15:52 PM org.apache.solr.handler.component.SearchHandler inform
INFO: Adding  component:org.apache.solr.handler.component.FacetComponent@72d1ad2e
Nov 08, 2014 7:15:52 PM org.apache.solr.handler.component.SearchHandler inform
INFO: Adding  component:org.apache.solr.handler.component.MoreLikeThisComponent@2d7275fc
Nov 08, 2014 7:15:52 PM org.apache.solr.handler.component.SearchHandler inform
INFO: Adding  component:org.apache.solr.handler.component.HighlightComponent@399f45b1
Nov 08, 2014 7:15:52 PM org.apache.solr.handler.component.SearchHandler inform
INFO: Adding  component:org.apache.solr.handler.component.StatsComponent@38c6f217
Nov 08, 2014 7:15:52 PM org.apache.solr.handler.component.SearchHandler inform
INFO: Adding  component:org.apache.solr.handler.component.TermVectorComponent@3a93b025
Nov 08, 2014 7:15:52 PM org.apache.solr.handler.component.SearchHandler inform
INFO: Adding  debug component:org.apache.solr.handler.component.DebugComponent@478190fc
Nov 08, 2014 7:15:52 PM org.apache.solr.handler.component.SearchHandler inform
INFO: Adding  component:org.apache.solr.handler.component.TermsComponent@35cabb2a
Nov 08, 2014 7:15:52 PM org.apache.solr.core.QuerySenderListener newSearcher
INFO: QuerySenderListener sending requests to Searcher@4b0b0854 main
Nov 08, 2014 7:15:52 PM org.apache.solr.core.CoreContainer register
INFO: registering core: 
Nov 08, 2014 7:15:52 PM org.apache.solr.servlet.SolrDispatchFilter init
INFO: user.dir=/Users/joecanero/.rvm/gems/ruby-2.1.2/gems/sunspot_solr-2.0.0/solr
Nov 08, 2014 7:15:52 PM org.apache.solr.servlet.SolrDispatchFilter init
INFO: SolrDispatchFilter.init() done
Nov 08, 2014 7:15:52 PM org.apache.solr.core.SolrCore execute
INFO: [] webapp=null path=null params={q=solr+rocks&start=0&rows=10&event=firstSearcher} hits=0 status=0 QTime=96 
Nov 08, 2014 7:15:52 PM org.apache.solr.core.SolrCore execute
INFO: [] webapp=null path=null params={q=static+firstSearcher+warming+query+from+solrconfig.xml&event=firstSearcher} hits=0 status=0 QTime=1 
Nov 08, 2014 7:15:52 PM org.apache.solr.core.QuerySenderListener newSearcher
INFO: QuerySenderListener done.
Nov 08, 2014 7:15:52 PM org.apache.solr.handler.component.SpellCheckComponent$SpellCheckerListener newSearcher
INFO: Loading spell index for spellchecker: default
Nov 08, 2014 7:15:52 PM org.apache.solr.core.SolrCore registerSearcher
INFO: [] Registered new searcher Searcher@4b0b0854 main
Nov 08, 2014 7:15:52 PM org.apache.solr.servlet.SolrServlet init
INFO: SolrServlet.init()
Nov 08, 2014 7:15:52 PM org.apache.solr.core.SolrResourceLoader locateSolrHome
INFO: JNDI not configured for solr (NoInitialContextEx)
Nov 08, 2014 7:15:52 PM org.apache.solr.core.SolrResourceLoader locateSolrHome
INFO: using system property solr.solr.home: /Users/joecanero/dojob/dojob/solr
Nov 08, 2014 7:15:52 PM org.apache.solr.servlet.SolrServlet init
INFO: SolrServlet.init() done
Nov 08, 2014 7:15:52 PM org.apache.solr.core.SolrResourceLoader locateSolrHome
INFO: JNDI not configured for solr (NoInitialContextEx)
Nov 08, 2014 7:15:52 PM org.apache.solr.core.SolrResourceLoader locateSolrHome
INFO: using system property solr.solr.home: /Users/joecanero/dojob/dojob/solr
Nov 08, 2014 7:15:52 PM org.apache.solr.servlet.SolrUpdateServlet init
INFO: SolrUpdateServlet.init() done
Nov 08, 2014 7:16:46 PM org.apache.solr.core.SolrDeletionPolicy onInit
INFO: SolrDeletionPolicy.onInit: commits:num=1
	commit{dir=/Users/joecanero/dojob/dojob/solr/data/development/index,segFN=segments_1,version=1415492152154,generation=1,filenames=[segments_1]
Nov 08, 2014 7:16:46 PM org.apache.solr.core.SolrDeletionPolicy updateCommits
INFO: newest commit = 1415492152154
Nov 08, 2014 7:16:46 PM org.apache.solr.update.processor.LogUpdateProcessor finish
INFO: {deleteByQuery=type:Job} 0 32
Nov 08, 2014 7:16:46 PM org.apache.solr.core.SolrCore execute
INFO: [] webapp=/solr path=/update params={wt=ruby} status=0 QTime=32 
